conda version 24.1.2 python 3.11.7 loaded.
Traceback (most recent call last):
  File "/geode2/home/u060/mealieff/BigRed200/hsd-gab/main2.py", line 192, in <module>
    main(args)
    ~~~~^^^^^^
  File "/geode2/home/u060/mealieff/BigRed200/hsd-gab/main2.py", line 63, in main
    y = np.array([[int(c) for c in label] for label in train_labels])
                                   ^^^^^
TypeError: 'numpy.int64' object is not iterable
Traceback (most recent call last):
  File "/geode2/home/u060/mealieff/BigRed200/hsd-gab/main2.py", line 192, in <module>
    main(args)
    ~~~~^^^^^^
  File "/geode2/home/u060/mealieff/BigRed200/hsd-gab/main2.py", line 63, in main
    y = np.array([[int(c) for c in label] for label in train_labels])
                                   ^^^^^
TypeError: 'numpy.int64' object is not iterable
Traceback (most recent call last):
  File "/geode2/home/u060/mealieff/BigRed200/hsd-gab/main2.py", line 192, in <module>
    main(args)
    ~~~~^^^^^^
  File "/geode2/home/u060/mealieff/BigRed200/hsd-gab/main2.py", line 63, in main
    y = np.array([[int(c) for c in label] for label in train_labels])
                                   ^^^^^
TypeError: 'numpy.int64' object is not iterable
