conda version 24.1.2 python 3.11.7 loaded.
/N/u/mealieff/BigRed200/.conda/envs/HSD/lib/python3.13/site-packages/sklearn/svm/_base.py:1243: ConvergenceWarning: Liblinear failed to converge, increase the number of iterations.
  warnings.warn(
/N/u/mealieff/BigRed200/.conda/envs/HSD/lib/python3.13/site-packages/sklearn/svm/_base.py:1243: ConvergenceWarning: Liblinear failed to converge, increase the number of iterations.
  warnings.warn(
/N/u/mealieff/BigRed200/.conda/envs/HSD/lib/python3.13/site-packages/sklearn/svm/_base.py:1243: ConvergenceWarning: Liblinear failed to converge, increase the number of iterations.
  warnings.warn(
/N/u/mealieff/BigRed200/.conda/envs/HSD/lib/python3.13/site-packages/sklearn/svm/_base.py:1243: ConvergenceWarning: Liblinear failed to converge, increase the number of iterations.
  warnings.warn(
/N/u/mealieff/BigRed200/.conda/envs/HSD/lib/python3.13/site-packages/sklearn/svm/_base.py:1243: ConvergenceWarning: Liblinear failed to converge, increase the number of iterations.
  warnings.warn(
/N/u/mealieff/BigRed200/.conda/envs/HSD/lib/python3.13/site-packages/sklearn/svm/_base.py:1243: ConvergenceWarning: Liblinear failed to converge, increase the number of iterations.
  warnings.warn(
/N/u/mealieff/BigRed200/.conda/envs/HSD/lib/python3.13/site-packages/sklearn/svm/_base.py:1243: ConvergenceWarning: Liblinear failed to converge, increase the number of iterations.
  warnings.warn(
/N/u/mealieff/BigRed200/.conda/envs/HSD/lib/python3.13/site-packages/sklearn/svm/_base.py:1243: ConvergenceWarning: Liblinear failed to converge, increase the number of iterations.
  warnings.warn(
/N/u/mealieff/BigRed200/.conda/envs/HSD/lib/python3.13/site-packages/sklearn/svm/_base.py:1243: ConvergenceWarning: Liblinear failed to converge, increase the number of iterations.
  warnings.warn(
/N/u/mealieff/BigRed200/.conda/envs/HSD/lib/python3.13/site-packages/sklearn/svm/_base.py:1243: ConvergenceWarning: Liblinear failed to converge, increase the number of iterations.
  warnings.warn(
/N/u/mealieff/BigRed200/.conda/envs/HSD/lib/python3.13/site-packages/sklearn/svm/_base.py:1243: ConvergenceWarning: Liblinear failed to converge, increase the number of iterations.
  warnings.warn(
/N/u/mealieff/BigRed200/.conda/envs/HSD/lib/python3.13/site-packages/sklearn/svm/_base.py:1243: ConvergenceWarning: Liblinear failed to converge, increase the number of iterations.
  warnings.warn(
/N/u/mealieff/BigRed200/.conda/envs/HSD/lib/python3.13/site-packages/sklearn/svm/_base.py:1243: ConvergenceWarning: Liblinear failed to converge, increase the number of iterations.
  warnings.warn(
/N/u/mealieff/BigRed200/.conda/envs/HSD/lib/python3.13/site-packages/sklearn/svm/_base.py:1243: ConvergenceWarning: Liblinear failed to converge, increase the number of iterations.
  warnings.warn(
/N/u/mealieff/BigRed200/.conda/envs/HSD/lib/python3.13/site-packages/sklearn/svm/_base.py:1243: ConvergenceWarning: Liblinear failed to converge, increase the number of iterations.
  warnings.warn(
/N/u/mealieff/BigRed200/.conda/envs/HSD/lib/python3.13/site-packages/sklearn/svm/_base.py:1243: ConvergenceWarning: Liblinear failed to converge, increase the number of iterations.
  warnings.warn(
/N/u/mealieff/BigRed200/.conda/envs/HSD/lib/python3.13/site-packages/sklearn/svm/_base.py:1243: ConvergenceWarning: Liblinear failed to converge, increase the number of iterations.
  warnings.warn(
/N/u/mealieff/BigRed200/.conda/envs/HSD/lib/python3.13/site-packages/sklearn/svm/_base.py:1243: ConvergenceWarning: Liblinear failed to converge, increase the number of iterations.
  warnings.warn(
/N/u/mealieff/BigRed200/.conda/envs/HSD/lib/python3.13/site-packages/sklearn/svm/_base.py:1243: ConvergenceWarning: Liblinear failed to converge, increase the number of iterations.
  warnings.warn(
/N/u/mealieff/BigRed200/.conda/envs/HSD/lib/python3.13/site-packages/sklearn/svm/_base.py:1243: ConvergenceWarning: Liblinear failed to converge, increase the number of iterations.
  warnings.warn(
/N/u/mealieff/BigRed200/.conda/envs/HSD/lib/python3.13/site-packages/sklearn/svm/_base.py:1243: ConvergenceWarning: Liblinear failed to converge, increase the number of iterations.
  warnings.warn(
/N/u/mealieff/BigRed200/.conda/envs/HSD/lib/python3.13/site-packages/sklearn/svm/_base.py:1243: ConvergenceWarning: Liblinear failed to converge, increase the number of iterations.
  warnings.warn(
/N/u/mealieff/BigRed200/.conda/envs/HSD/lib/python3.13/site-packages/sklearn/svm/_base.py:1243: ConvergenceWarning: Liblinear failed to converge, increase the number of iterations.
  warnings.warn(
/N/u/mealieff/BigRed200/.conda/envs/HSD/lib/python3.13/site-packages/sklearn/svm/_base.py:1243: ConvergenceWarning: Liblinear failed to converge, increase the number of iterations.
  warnings.warn(
/N/u/mealieff/BigRed200/.conda/envs/HSD/lib/python3.13/site-packages/sklearn/svm/_base.py:1243: ConvergenceWarning: Liblinear failed to converge, increase the number of iterations.
  warnings.warn(
/N/u/mealieff/BigRed200/.conda/envs/HSD/lib/python3.13/site-packages/sklearn/svm/_base.py:1243: ConvergenceWarning: Liblinear failed to converge, increase the number of iterations.
  warnings.warn(
/N/u/mealieff/BigRed200/.conda/envs/HSD/lib/python3.13/site-packages/sklearn/svm/_base.py:1243: ConvergenceWarning: Liblinear failed to converge, increase the number of iterations.
  warnings.warn(
/N/u/mealieff/BigRed200/.conda/envs/HSD/lib/python3.13/site-packages/sklearn/svm/_base.py:1243: ConvergenceWarning: Liblinear failed to converge, increase the number of iterations.
  warnings.warn(
/N/u/mealieff/BigRed200/.conda/envs/HSD/lib/python3.13/site-packages/sklearn/svm/_base.py:1243: ConvergenceWarning: Liblinear failed to converge, increase the number of iterations.
  warnings.warn(
/N/u/mealieff/BigRed200/.conda/envs/HSD/lib/python3.13/site-packages/sklearn/svm/_base.py:1243: ConvergenceWarning: Liblinear failed to converge, increase the number of iterations.
  warnings.warn(
/N/u/mealieff/BigRed200/.conda/envs/HSD/lib/python3.13/site-packages/sklearn/svm/_base.py:1243: ConvergenceWarning: Liblinear failed to converge, increase the number of iterations.
  warnings.warn(
/N/u/mealieff/BigRed200/.conda/envs/HSD/lib/python3.13/site-packages/sklearn/svm/_base.py:1243: ConvergenceWarning: Liblinear failed to converge, increase the number of iterations.
  warnings.warn(
/N/u/mealieff/BigRed200/.conda/envs/HSD/lib/python3.13/site-packages/sklearn/svm/_base.py:1243: ConvergenceWarning: Liblinear failed to converge, increase the number of iterations.
  warnings.warn(
/N/u/mealieff/BigRed200/.conda/envs/HSD/lib/python3.13/site-packages/sklearn/svm/_base.py:1243: ConvergenceWarning: Liblinear failed to converge, increase the number of iterations.
  warnings.warn(
/N/u/mealieff/BigRed200/.conda/envs/HSD/lib/python3.13/site-packages/sklearn/svm/_base.py:1243: ConvergenceWarning: Liblinear failed to converge, increase the number of iterations.
  warnings.warn(
/N/u/mealieff/BigRed200/.conda/envs/HSD/lib/python3.13/site-packages/sklearn/svm/_base.py:1243: ConvergenceWarning: Liblinear failed to converge, increase the number of iterations.
  warnings.warn(
/N/u/mealieff/BigRed200/.conda/envs/HSD/lib/python3.13/site-packages/sklearn/svm/_base.py:1243: ConvergenceWarning: Liblinear failed to converge, increase the number of iterations.
  warnings.warn(
/N/u/mealieff/BigRed200/.conda/envs/HSD/lib/python3.13/site-packages/sklearn/svm/_base.py:1243: ConvergenceWarning: Liblinear failed to converge, increase the number of iterations.
  warnings.warn(
/N/u/mealieff/BigRed200/.conda/envs/HSD/lib/python3.13/site-packages/sklearn/svm/_base.py:1243: ConvergenceWarning: Liblinear failed to converge, increase the number of iterations.
  warnings.warn(
/N/u/mealieff/BigRed200/.conda/envs/HSD/lib/python3.13/site-packages/sklearn/svm/_base.py:1243: ConvergenceWarning: Liblinear failed to converge, increase the number of iterations.
  warnings.warn(
/N/u/mealieff/BigRed200/.conda/envs/HSD/lib/python3.13/site-packages/sklearn/svm/_base.py:1243: ConvergenceWarning: Liblinear failed to converge, increase the number of iterations.
  warnings.warn(
/N/u/mealieff/BigRed200/.conda/envs/HSD/lib/python3.13/site-packages/sklearn/svm/_base.py:1243: ConvergenceWarning: Liblinear failed to converge, increase the number of iterations.
  warnings.warn(
/N/u/mealieff/BigRed200/.conda/envs/HSD/lib/python3.13/site-packages/sklearn/svm/_base.py:1243: ConvergenceWarning: Liblinear failed to converge, increase the number of iterations.
  warnings.warn(
/N/u/mealieff/BigRed200/.conda/envs/HSD/lib/python3.13/site-packages/sklearn/svm/_base.py:1243: ConvergenceWarning: Liblinear failed to converge, increase the number of iterations.
  warnings.warn(
/N/u/mealieff/BigRed200/.conda/envs/HSD/lib/python3.13/site-packages/sklearn/svm/_base.py:1243: ConvergenceWarning: Liblinear failed to converge, increase the number of iterations.
  warnings.warn(
/N/u/mealieff/BigRed200/.conda/envs/HSD/lib/python3.13/site-packages/sklearn/svm/_base.py:1243: ConvergenceWarning: Liblinear failed to converge, increase the number of iterations.
  warnings.warn(
/N/u/mealieff/BigRed200/.conda/envs/HSD/lib/python3.13/site-packages/sklearn/svm/_base.py:1243: ConvergenceWarning: Liblinear failed to converge, increase the number of iterations.
  warnings.warn(
/N/u/mealieff/BigRed200/.conda/envs/HSD/lib/python3.13/site-packages/sklearn/svm/_base.py:1243: ConvergenceWarning: Liblinear failed to converge, increase the number of iterations.
  warnings.warn(
/N/u/mealieff/BigRed200/.conda/envs/HSD/lib/python3.13/site-packages/sklearn/svm/_base.py:1243: ConvergenceWarning: Liblinear failed to converge, increase the number of iterations.
  warnings.warn(
/N/u/mealieff/BigRed200/.conda/envs/HSD/lib/python3.13/site-packages/sklearn/svm/_base.py:1243: ConvergenceWarning: Liblinear failed to converge, increase the number of iterations.
  warnings.warn(
/N/u/mealieff/BigRed200/.conda/envs/HSD/lib/python3.13/site-packages/sklearn/svm/_base.py:1243: ConvergenceWarning: Liblinear failed to converge, increase the number of iterations.
  warnings.warn(
/N/u/mealieff/BigRed200/.conda/envs/HSD/lib/python3.13/site-packages/sklearn/svm/_base.py:1243: ConvergenceWarning: Liblinear failed to converge, increase the number of iterations.
  warnings.warn(
/N/u/mealieff/BigRed200/.conda/envs/HSD/lib/python3.13/site-packages/sklearn/svm/_base.py:1243: ConvergenceWarning: Liblinear failed to converge, increase the number of iterations.
  warnings.warn(
/N/u/mealieff/BigRed200/.conda/envs/HSD/lib/python3.13/site-packages/sklearn/svm/_base.py:1243: ConvergenceWarning: Liblinear failed to converge, increase the number of iterations.
  warnings.warn(
/N/u/mealieff/BigRed200/.conda/envs/HSD/lib/python3.13/site-packages/sklearn/svm/_base.py:1243: ConvergenceWarning: Liblinear failed to converge, increase the number of iterations.
  warnings.warn(
/N/u/mealieff/BigRed200/.conda/envs/HSD/lib/python3.13/site-packages/sklearn/svm/_base.py:1243: ConvergenceWarning: Liblinear failed to converge, increase the number of iterations.
  warnings.warn(
/N/u/mealieff/BigRed200/.conda/envs/HSD/lib/python3.13/site-packages/sklearn/svm/_base.py:1243: ConvergenceWarning: Liblinear failed to converge, increase the number of iterations.
  warnings.warn(
/N/u/mealieff/BigRed200/.conda/envs/HSD/lib/python3.13/site-packages/sklearn/svm/_base.py:1243: ConvergenceWarning: Liblinear failed to converge, increase the number of iterations.
  warnings.warn(
/N/u/mealieff/BigRed200/.conda/envs/HSD/lib/python3.13/site-packages/sklearn/svm/_base.py:1243: ConvergenceWarning: Liblinear failed to converge, increase the number of iterations.
  warnings.warn(
/N/u/mealieff/BigRed200/.conda/envs/HSD/lib/python3.13/site-packages/sklearn/svm/_base.py:1243: ConvergenceWarning: Liblinear failed to converge, increase the number of iterations.
  warnings.warn(
/N/u/mealieff/BigRed200/.conda/envs/HSD/lib/python3.13/site-packages/sklearn/svm/_base.py:1243: ConvergenceWarning: Liblinear failed to converge, increase the number of iterations.
  warnings.warn(
/N/u/mealieff/BigRed200/.conda/envs/HSD/lib/python3.13/site-packages/sklearn/svm/_base.py:1243: ConvergenceWarning: Liblinear failed to converge, increase the number of iterations.
  warnings.warn(
/N/u/mealieff/BigRed200/.conda/envs/HSD/lib/python3.13/site-packages/sklearn/svm/_base.py:1243: ConvergenceWarning: Liblinear failed to converge, increase the number of iterations.
  warnings.warn(
/N/u/mealieff/BigRed200/.conda/envs/HSD/lib/python3.13/site-packages/sklearn/svm/_base.py:1243: ConvergenceWarning: Liblinear failed to converge, increase the number of iterations.
  warnings.warn(
/N/u/mealieff/BigRed200/.conda/envs/HSD/lib/python3.13/site-packages/sklearn/svm/_base.py:1243: ConvergenceWarning: Liblinear failed to converge, increase the number of iterations.
  warnings.warn(
/N/u/mealieff/BigRed200/.conda/envs/HSD/lib/python3.13/site-packages/sklearn/svm/_base.py:1243: ConvergenceWarning: Liblinear failed to converge, increase the number of iterations.
  warnings.warn(
/N/u/mealieff/BigRed200/.conda/envs/HSD/lib/python3.13/site-packages/sklearn/svm/_base.py:1243: ConvergenceWarning: Liblinear failed to converge, increase the number of iterations.
  warnings.warn(
/N/u/mealieff/BigRed200/.conda/envs/HSD/lib/python3.13/site-packages/sklearn/svm/_base.py:1243: ConvergenceWarning: Liblinear failed to converge, increase the number of iterations.
  warnings.warn(
/N/u/mealieff/BigRed200/.conda/envs/HSD/lib/python3.13/site-packages/sklearn/svm/_base.py:1243: ConvergenceWarning: Liblinear failed to converge, increase the number of iterations.
  warnings.warn(
/N/u/mealieff/BigRed200/.conda/envs/HSD/lib/python3.13/site-packages/sklearn/svm/_base.py:1243: ConvergenceWarning: Liblinear failed to converge, increase the number of iterations.
  warnings.warn(
/N/u/mealieff/BigRed200/.conda/envs/HSD/lib/python3.13/site-packages/sklearn/svm/_base.py:1243: ConvergenceWarning: Liblinear failed to converge, increase the number of iterations.
  warnings.warn(
/N/u/mealieff/BigRed200/.conda/envs/HSD/lib/python3.13/site-packages/sklearn/svm/_base.py:1243: ConvergenceWarning: Liblinear failed to converge, increase the number of iterations.
  warnings.warn(
/N/u/mealieff/BigRed200/.conda/envs/HSD/lib/python3.13/site-packages/sklearn/svm/_base.py:1243: ConvergenceWarning: Liblinear failed to converge, increase the number of iterations.
  warnings.warn(
/N/u/mealieff/BigRed200/.conda/envs/HSD/lib/python3.13/site-packages/sklearn/svm/_base.py:1243: ConvergenceWarning: Liblinear failed to converge, increase the number of iterations.
  warnings.warn(
/N/u/mealieff/BigRed200/.conda/envs/HSD/lib/python3.13/site-packages/sklearn/svm/_base.py:1243: ConvergenceWarning: Liblinear failed to converge, increase the number of iterations.
  warnings.warn(
/N/u/mealieff/BigRed200/.conda/envs/HSD/lib/python3.13/site-packages/sklearn/svm/_base.py:1243: ConvergenceWarning: Liblinear failed to converge, increase the number of iterations.
  warnings.warn(
/N/u/mealieff/BigRed200/.conda/envs/HSD/lib/python3.13/site-packages/sklearn/svm/_base.py:1243: ConvergenceWarning: Liblinear failed to converge, increase the number of iterations.
  warnings.warn(
/N/u/mealieff/BigRed200/.conda/envs/HSD/lib/python3.13/site-packages/sklearn/svm/_base.py:1243: ConvergenceWarning: Liblinear failed to converge, increase the number of iterations.
  warnings.warn(
/N/u/mealieff/BigRed200/.conda/envs/HSD/lib/python3.13/site-packages/sklearn/svm/_base.py:1243: ConvergenceWarning: Liblinear failed to converge, increase the number of iterations.
  warnings.warn(
/N/u/mealieff/BigRed200/.conda/envs/HSD/lib/python3.13/site-packages/sklearn/svm/_base.py:1243: ConvergenceWarning: Liblinear failed to converge, increase the number of iterations.
  warnings.warn(
/N/u/mealieff/BigRed200/.conda/envs/HSD/lib/python3.13/site-packages/sklearn/svm/_base.py:1243: ConvergenceWarning: Liblinear failed to converge, increase the number of iterations.
  warnings.warn(
/N/u/mealieff/BigRed200/.conda/envs/HSD/lib/python3.13/site-packages/sklearn/svm/_base.py:1243: ConvergenceWarning: Liblinear failed to converge, increase the number of iterations.
  warnings.warn(
/N/u/mealieff/BigRed200/.conda/envs/HSD/lib/python3.13/site-packages/sklearn/svm/_base.py:1243: ConvergenceWarning: Liblinear failed to converge, increase the number of iterations.
  warnings.warn(
/N/u/mealieff/BigRed200/.conda/envs/HSD/lib/python3.13/site-packages/sklearn/svm/_base.py:1243: ConvergenceWarning: Liblinear failed to converge, increase the number of iterations.
  warnings.warn(
/N/u/mealieff/BigRed200/.conda/envs/HSD/lib/python3.13/site-packages/sklearn/svm/_base.py:1243: ConvergenceWarning: Liblinear failed to converge, increase the number of iterations.
  warnings.warn(
/N/u/mealieff/BigRed200/.conda/envs/HSD/lib/python3.13/site-packages/sklearn/svm/_base.py:1243: ConvergenceWarning: Liblinear failed to converge, increase the number of iterations.
  warnings.warn(
/N/u/mealieff/BigRed200/.conda/envs/HSD/lib/python3.13/site-packages/sklearn/svm/_base.py:1243: ConvergenceWarning: Liblinear failed to converge, increase the number of iterations.
  warnings.warn(
/N/u/mealieff/BigRed200/.conda/envs/HSD/lib/python3.13/site-packages/sklearn/svm/_base.py:1243: ConvergenceWarning: Liblinear failed to converge, increase the number of iterations.
  warnings.warn(
/N/u/mealieff/BigRed200/.conda/envs/HSD/lib/python3.13/site-packages/sklearn/svm/_base.py:1243: ConvergenceWarning: Liblinear failed to converge, increase the number of iterations.
  warnings.warn(
/N/u/mealieff/BigRed200/.conda/envs/HSD/lib/python3.13/site-packages/sklearn/svm/_base.py:1243: ConvergenceWarning: Liblinear failed to converge, increase the number of iterations.
  warnings.warn(
/N/u/mealieff/BigRed200/.conda/envs/HSD/lib/python3.13/site-packages/sklearn/svm/_base.py:1243: ConvergenceWarning: Liblinear failed to converge, increase the number of iterations.
  warnings.warn(
/N/u/mealieff/BigRed200/.conda/envs/HSD/lib/python3.13/site-packages/sklearn/svm/_base.py:1243: ConvergenceWarning: Liblinear failed to converge, increase the number of iterations.
  warnings.warn(
/N/u/mealieff/BigRed200/.conda/envs/HSD/lib/python3.13/site-packages/sklearn/svm/_base.py:1243: ConvergenceWarning: Liblinear failed to converge, increase the number of iterations.
  warnings.warn(
/N/u/mealieff/BigRed200/.conda/envs/HSD/lib/python3.13/site-packages/sklearn/svm/_base.py:1243: ConvergenceWarning: Liblinear failed to converge, increase the number of iterations.
  warnings.warn(
/N/u/mealieff/BigRed200/.conda/envs/HSD/lib/python3.13/site-packages/sklearn/svm/_base.py:1243: ConvergenceWarning: Liblinear failed to converge, increase the number of iterations.
  warnings.warn(
/N/u/mealieff/BigRed200/.conda/envs/HSD/lib/python3.13/site-packages/sklearn/svm/_base.py:1243: ConvergenceWarning: Liblinear failed to converge, increase the number of iterations.
  warnings.warn(
/N/u/mealieff/BigRed200/.conda/envs/HSD/lib/python3.13/site-packages/sklearn/svm/_base.py:1243: ConvergenceWarning: Liblinear failed to converge, increase the number of iterations.
  warnings.warn(
/N/u/mealieff/BigRed200/.conda/envs/HSD/lib/python3.13/site-packages/sklearn/svm/_base.py:1243: ConvergenceWarning: Liblinear failed to converge, increase the number of iterations.
  warnings.warn(
/N/u/mealieff/BigRed200/.conda/envs/HSD/lib/python3.13/site-packages/sklearn/metrics/_classification.py:1565: UndefinedMetricWarning: Jaccard is ill-defined and being set to 0.0 in samples with no true or predicted labels. Use `zero_division` parameter to control this behavior.
  _warn_prf(average, modifier, f"{metric.capitalize()} is", len(result))
slurmstepd: error: *** JOB 4781565 ON nid0238 CANCELLED AT 2025-06-15T15:50:21 DUE TO TIME LIMIT ***
