conda version 24.1.2 python 3.11.7 loaded.
/N/u/mealieff/BigRed200/.conda/envs/HSD/lib/python3.13/site-packages/sklearn/svm/_base.py:1243: ConvergenceWarning: Liblinear failed to converge, increase the number of iterations.
  warnings.warn(
/N/u/mealieff/BigRed200/.conda/envs/HSD/lib/python3.13/site-packages/sklearn/svm/_base.py:1243: ConvergenceWarning: Liblinear failed to converge, increase the number of iterations.
  warnings.warn(
/N/u/mealieff/BigRed200/.conda/envs/HSD/lib/python3.13/site-packages/sklearn/svm/_base.py:1243: ConvergenceWarning: Liblinear failed to converge, increase the number of iterations.
  warnings.warn(
/N/u/mealieff/BigRed200/.conda/envs/HSD/lib/python3.13/site-packages/sklearn/svm/_base.py:1243: ConvergenceWarning: Liblinear failed to converge, increase the number of iterations.
  warnings.warn(
/N/u/mealieff/BigRed200/.conda/envs/HSD/lib/python3.13/site-packages/sklearn/svm/_base.py:1243: ConvergenceWarning: Liblinear failed to converge, increase the number of iterations.
  warnings.warn(
/N/u/mealieff/BigRed200/.conda/envs/HSD/lib/python3.13/site-packages/sklearn/svm/_base.py:1243: ConvergenceWarning: Liblinear failed to converge, increase the number of iterations.
  warnings.warn(
/N/u/mealieff/BigRed200/.conda/envs/HSD/lib/python3.13/site-packages/sklearn/svm/_base.py:1243: ConvergenceWarning: Liblinear failed to converge, increase the number of iterations.
  warnings.warn(
/N/u/mealieff/BigRed200/.conda/envs/HSD/lib/python3.13/site-packages/sklearn/svm/_base.py:1243: ConvergenceWarning: Liblinear failed to converge, increase the number of iterations.
  warnings.warn(
/N/u/mealieff/BigRed200/.conda/envs/HSD/lib/python3.13/site-packages/sklearn/svm/_base.py:1243: ConvergenceWarning: Liblinear failed to converge, increase the number of iterations.
  warnings.warn(
/N/u/mealieff/BigRed200/.conda/envs/HSD/lib/python3.13/site-packages/sklearn/svm/_base.py:1243: ConvergenceWarning: Liblinear failed to converge, increase the number of iterations.
  warnings.warn(
/N/u/mealieff/BigRed200/.conda/envs/HSD/lib/python3.13/site-packages/sklearn/svm/_base.py:1243: ConvergenceWarning: Liblinear failed to converge, increase the number of iterations.
  warnings.warn(
/N/u/mealieff/BigRed200/.conda/envs/HSD/lib/python3.13/site-packages/sklearn/svm/_base.py:1243: ConvergenceWarning: Liblinear failed to converge, increase the number of iterations.
  warnings.warn(
/N/u/mealieff/BigRed200/.conda/envs/HSD/lib/python3.13/site-packages/sklearn/svm/_base.py:1243: ConvergenceWarning: Liblinear failed to converge, increase the number of iterations.
  warnings.warn(
/N/u/mealieff/BigRed200/.conda/envs/HSD/lib/python3.13/site-packages/sklearn/svm/_base.py:1243: ConvergenceWarning: Liblinear failed to converge, increase the number of iterations.
  warnings.warn(
/N/u/mealieff/BigRed200/.conda/envs/HSD/lib/python3.13/site-packages/sklearn/svm/_base.py:1243: ConvergenceWarning: Liblinear failed to converge, increase the number of iterations.
  warnings.warn(
/N/u/mealieff/BigRed200/.conda/envs/HSD/lib/python3.13/site-packages/sklearn/svm/_base.py:1243: ConvergenceWarning: Liblinear failed to converge, increase the number of iterations.
  warnings.warn(
/N/u/mealieff/BigRed200/.conda/envs/HSD/lib/python3.13/site-packages/sklearn/svm/_base.py:1243: ConvergenceWarning: Liblinear failed to converge, increase the number of iterations.
  warnings.warn(
/N/u/mealieff/BigRed200/.conda/envs/HSD/lib/python3.13/site-packages/sklearn/svm/_base.py:1243: ConvergenceWarning: Liblinear failed to converge, increase the number of iterations.
  warnings.warn(
/N/u/mealieff/BigRed200/.conda/envs/HSD/lib/python3.13/site-packages/sklearn/svm/_base.py:1243: ConvergenceWarning: Liblinear failed to converge, increase the number of iterations.
  warnings.warn(
/N/u/mealieff/BigRed200/.conda/envs/HSD/lib/python3.13/site-packages/sklearn/svm/_base.py:1243: ConvergenceWarning: Liblinear failed to converge, increase the number of iterations.
  warnings.warn(
/N/u/mealieff/BigRed200/.conda/envs/HSD/lib/python3.13/site-packages/sklearn/svm/_base.py:1243: ConvergenceWarning: Liblinear failed to converge, increase the number of iterations.
  warnings.warn(
/N/u/mealieff/BigRed200/.conda/envs/HSD/lib/python3.13/site-packages/sklearn/svm/_base.py:1243: ConvergenceWarning: Liblinear failed to converge, increase the number of iterations.
  warnings.warn(
/N/u/mealieff/BigRed200/.conda/envs/HSD/lib/python3.13/site-packages/sklearn/svm/_base.py:1243: ConvergenceWarning: Liblinear failed to converge, increase the number of iterations.
  warnings.warn(
/N/u/mealieff/BigRed200/.conda/envs/HSD/lib/python3.13/site-packages/sklearn/svm/_base.py:1243: ConvergenceWarning: Liblinear failed to converge, increase the number of iterations.
  warnings.warn(
/N/u/mealieff/BigRed200/.conda/envs/HSD/lib/python3.13/site-packages/sklearn/svm/_base.py:1243: ConvergenceWarning: Liblinear failed to converge, increase the number of iterations.
  warnings.warn(
/N/u/mealieff/BigRed200/.conda/envs/HSD/lib/python3.13/site-packages/sklearn/svm/_base.py:1243: ConvergenceWarning: Liblinear failed to converge, increase the number of iterations.
  warnings.warn(
/N/u/mealieff/BigRed200/.conda/envs/HSD/lib/python3.13/site-packages/sklearn/svm/_base.py:1243: ConvergenceWarning: Liblinear failed to converge, increase the number of iterations.
  warnings.warn(
/N/u/mealieff/BigRed200/.conda/envs/HSD/lib/python3.13/site-packages/sklearn/svm/_base.py:1243: ConvergenceWarning: Liblinear failed to converge, increase the number of iterations.
  warnings.warn(
/N/u/mealieff/BigRed200/.conda/envs/HSD/lib/python3.13/site-packages/sklearn/svm/_base.py:1243: ConvergenceWarning: Liblinear failed to converge, increase the number of iterations.
  warnings.warn(
/N/u/mealieff/BigRed200/.conda/envs/HSD/lib/python3.13/site-packages/sklearn/svm/_base.py:1243: ConvergenceWarning: Liblinear failed to converge, increase the number of iterations.
  warnings.warn(
/N/u/mealieff/BigRed200/.conda/envs/HSD/lib/python3.13/site-packages/sklearn/svm/_base.py:1243: ConvergenceWarning: Liblinear failed to converge, increase the number of iterations.
  warnings.warn(
/N/u/mealieff/BigRed200/.conda/envs/HSD/lib/python3.13/site-packages/sklearn/svm/_base.py:1243: ConvergenceWarning: Liblinear failed to converge, increase the number of iterations.
  warnings.warn(
/N/u/mealieff/BigRed200/.conda/envs/HSD/lib/python3.13/site-packages/sklearn/svm/_base.py:1243: ConvergenceWarning: Liblinear failed to converge, increase the number of iterations.
  warnings.warn(
/N/u/mealieff/BigRed200/.conda/envs/HSD/lib/python3.13/site-packages/sklearn/svm/_base.py:1243: ConvergenceWarning: Liblinear failed to converge, increase the number of iterations.
  warnings.warn(
/N/u/mealieff/BigRed200/.conda/envs/HSD/lib/python3.13/site-packages/sklearn/svm/_base.py:1243: ConvergenceWarning: Liblinear failed to converge, increase the number of iterations.
  warnings.warn(
/N/u/mealieff/BigRed200/.conda/envs/HSD/lib/python3.13/site-packages/sklearn/svm/_base.py:1243: ConvergenceWarning: Liblinear failed to converge, increase the number of iterations.
  warnings.warn(
/N/u/mealieff/BigRed200/.conda/envs/HSD/lib/python3.13/site-packages/sklearn/svm/_base.py:1243: ConvergenceWarning: Liblinear failed to converge, increase the number of iterations.
  warnings.warn(
/N/u/mealieff/BigRed200/.conda/envs/HSD/lib/python3.13/site-packages/sklearn/svm/_base.py:1243: ConvergenceWarning: Liblinear failed to converge, increase the number of iterations.
  warnings.warn(
/N/u/mealieff/BigRed200/.conda/envs/HSD/lib/python3.13/site-packages/sklearn/svm/_base.py:1243: ConvergenceWarning: Liblinear failed to converge, increase the number of iterations.
  warnings.warn(
/N/u/mealieff/BigRed200/.conda/envs/HSD/lib/python3.13/site-packages/sklearn/svm/_base.py:1243: ConvergenceWarning: Liblinear failed to converge, increase the number of iterations.
  warnings.warn(
/N/u/mealieff/BigRed200/.conda/envs/HSD/lib/python3.13/site-packages/sklearn/svm/_base.py:1243: ConvergenceWarning: Liblinear failed to converge, increase the number of iterations.
  warnings.warn(
/N/u/mealieff/BigRed200/.conda/envs/HSD/lib/python3.13/site-packages/sklearn/svm/_base.py:1243: ConvergenceWarning: Liblinear failed to converge, increase the number of iterations.
  warnings.warn(
/N/u/mealieff/BigRed200/.conda/envs/HSD/lib/python3.13/site-packages/sklearn/svm/_base.py:1243: ConvergenceWarning: Liblinear failed to converge, increase the number of iterations.
  warnings.warn(
/N/u/mealieff/BigRed200/.conda/envs/HSD/lib/python3.13/site-packages/sklearn/svm/_base.py:1243: ConvergenceWarning: Liblinear failed to converge, increase the number of iterations.
  warnings.warn(
/N/u/mealieff/BigRed200/.conda/envs/HSD/lib/python3.13/site-packages/sklearn/svm/_base.py:1243: ConvergenceWarning: Liblinear failed to converge, increase the number of iterations.
  warnings.warn(
/N/u/mealieff/BigRed200/.conda/envs/HSD/lib/python3.13/site-packages/sklearn/svm/_base.py:1243: ConvergenceWarning: Liblinear failed to converge, increase the number of iterations.
  warnings.warn(
/N/u/mealieff/BigRed200/.conda/envs/HSD/lib/python3.13/site-packages/sklearn/svm/_base.py:1243: ConvergenceWarning: Liblinear failed to converge, increase the number of iterations.
  warnings.warn(
/N/u/mealieff/BigRed200/.conda/envs/HSD/lib/python3.13/site-packages/sklearn/svm/_base.py:1243: ConvergenceWarning: Liblinear failed to converge, increase the number of iterations.
  warnings.warn(
/N/u/mealieff/BigRed200/.conda/envs/HSD/lib/python3.13/site-packages/sklearn/svm/_base.py:1243: ConvergenceWarning: Liblinear failed to converge, increase the number of iterations.
  warnings.warn(
/N/u/mealieff/BigRed200/.conda/envs/HSD/lib/python3.13/site-packages/sklearn/svm/_base.py:1243: ConvergenceWarning: Liblinear failed to converge, increase the number of iterations.
  warnings.warn(
/N/u/mealieff/BigRed200/.conda/envs/HSD/lib/python3.13/site-packages/sklearn/svm/_base.py:1243: ConvergenceWarning: Liblinear failed to converge, increase the number of iterations.
  warnings.warn(
/N/u/mealieff/BigRed200/.conda/envs/HSD/lib/python3.13/site-packages/sklearn/svm/_base.py:1243: ConvergenceWarning: Liblinear failed to converge, increase the number of iterations.
  warnings.warn(
/N/u/mealieff/BigRed200/.conda/envs/HSD/lib/python3.13/site-packages/sklearn/svm/_base.py:1243: ConvergenceWarning: Liblinear failed to converge, increase the number of iterations.
  warnings.warn(
/N/u/mealieff/BigRed200/.conda/envs/HSD/lib/python3.13/site-packages/sklearn/svm/_base.py:1243: ConvergenceWarning: Liblinear failed to converge, increase the number of iterations.
  warnings.warn(
/N/u/mealieff/BigRed200/.conda/envs/HSD/lib/python3.13/site-packages/sklearn/svm/_base.py:1243: ConvergenceWarning: Liblinear failed to converge, increase the number of iterations.
  warnings.warn(
/N/u/mealieff/BigRed200/.conda/envs/HSD/lib/python3.13/site-packages/sklearn/svm/_base.py:1243: ConvergenceWarning: Liblinear failed to converge, increase the number of iterations.
  warnings.warn(
/N/u/mealieff/BigRed200/.conda/envs/HSD/lib/python3.13/site-packages/sklearn/svm/_base.py:1243: ConvergenceWarning: Liblinear failed to converge, increase the number of iterations.
  warnings.warn(
/N/u/mealieff/BigRed200/.conda/envs/HSD/lib/python3.13/site-packages/sklearn/svm/_base.py:1243: ConvergenceWarning: Liblinear failed to converge, increase the number of iterations.
  warnings.warn(
/N/u/mealieff/BigRed200/.conda/envs/HSD/lib/python3.13/site-packages/sklearn/svm/_base.py:1243: ConvergenceWarning: Liblinear failed to converge, increase the number of iterations.
  warnings.warn(
/N/u/mealieff/BigRed200/.conda/envs/HSD/lib/python3.13/site-packages/sklearn/svm/_base.py:1243: ConvergenceWarning: Liblinear failed to converge, increase the number of iterations.
  warnings.warn(
/N/u/mealieff/BigRed200/.conda/envs/HSD/lib/python3.13/site-packages/sklearn/svm/_base.py:1243: ConvergenceWarning: Liblinear failed to converge, increase the number of iterations.
  warnings.warn(
/N/u/mealieff/BigRed200/.conda/envs/HSD/lib/python3.13/site-packages/sklearn/svm/_base.py:1243: ConvergenceWarning: Liblinear failed to converge, increase the number of iterations.
  warnings.warn(
/N/u/mealieff/BigRed200/.conda/envs/HSD/lib/python3.13/site-packages/sklearn/svm/_base.py:1243: ConvergenceWarning: Liblinear failed to converge, increase the number of iterations.
  warnings.warn(
/N/u/mealieff/BigRed200/.conda/envs/HSD/lib/python3.13/site-packages/sklearn/svm/_base.py:1243: ConvergenceWarning: Liblinear failed to converge, increase the number of iterations.
  warnings.warn(
/N/u/mealieff/BigRed200/.conda/envs/HSD/lib/python3.13/site-packages/sklearn/svm/_base.py:1243: ConvergenceWarning: Liblinear failed to converge, increase the number of iterations.
  warnings.warn(
/N/u/mealieff/BigRed200/.conda/envs/HSD/lib/python3.13/site-packages/sklearn/svm/_base.py:1243: ConvergenceWarning: Liblinear failed to converge, increase the number of iterations.
  warnings.warn(
/N/u/mealieff/BigRed200/.conda/envs/HSD/lib/python3.13/site-packages/sklearn/svm/_base.py:1243: ConvergenceWarning: Liblinear failed to converge, increase the number of iterations.
  warnings.warn(
/N/u/mealieff/BigRed200/.conda/envs/HSD/lib/python3.13/site-packages/sklearn/svm/_base.py:1243: ConvergenceWarning: Liblinear failed to converge, increase the number of iterations.
  warnings.warn(
/N/u/mealieff/BigRed200/.conda/envs/HSD/lib/python3.13/site-packages/sklearn/svm/_base.py:1243: ConvergenceWarning: Liblinear failed to converge, increase the number of iterations.
  warnings.warn(
/N/u/mealieff/BigRed200/.conda/envs/HSD/lib/python3.13/site-packages/sklearn/svm/_base.py:1243: ConvergenceWarning: Liblinear failed to converge, increase the number of iterations.
  warnings.warn(
/N/u/mealieff/BigRed200/.conda/envs/HSD/lib/python3.13/site-packages/sklearn/svm/_base.py:1243: ConvergenceWarning: Liblinear failed to converge, increase the number of iterations.
  warnings.warn(
/N/u/mealieff/BigRed200/.conda/envs/HSD/lib/python3.13/site-packages/sklearn/svm/_base.py:1243: ConvergenceWarning: Liblinear failed to converge, increase the number of iterations.
  warnings.warn(
/N/u/mealieff/BigRed200/.conda/envs/HSD/lib/python3.13/site-packages/sklearn/svm/_base.py:1243: ConvergenceWarning: Liblinear failed to converge, increase the number of iterations.
  warnings.warn(
/N/u/mealieff/BigRed200/.conda/envs/HSD/lib/python3.13/site-packages/sklearn/svm/_base.py:1243: ConvergenceWarning: Liblinear failed to converge, increase the number of iterations.
  warnings.warn(
/N/u/mealieff/BigRed200/.conda/envs/HSD/lib/python3.13/site-packages/sklearn/svm/_base.py:1243: ConvergenceWarning: Liblinear failed to converge, increase the number of iterations.
  warnings.warn(
/N/u/mealieff/BigRed200/.conda/envs/HSD/lib/python3.13/site-packages/sklearn/svm/_base.py:1243: ConvergenceWarning: Liblinear failed to converge, increase the number of iterations.
  warnings.warn(
/N/u/mealieff/BigRed200/.conda/envs/HSD/lib/python3.13/site-packages/sklearn/svm/_base.py:1243: ConvergenceWarning: Liblinear failed to converge, increase the number of iterations.
  warnings.warn(
/N/u/mealieff/BigRed200/.conda/envs/HSD/lib/python3.13/site-packages/sklearn/svm/_base.py:1243: ConvergenceWarning: Liblinear failed to converge, increase the number of iterations.
  warnings.warn(
/N/u/mealieff/BigRed200/.conda/envs/HSD/lib/python3.13/site-packages/sklearn/svm/_base.py:1243: ConvergenceWarning: Liblinear failed to converge, increase the number of iterations.
  warnings.warn(
/N/u/mealieff/BigRed200/.conda/envs/HSD/lib/python3.13/site-packages/sklearn/svm/_base.py:1243: ConvergenceWarning: Liblinear failed to converge, increase the number of iterations.
  warnings.warn(
/N/u/mealieff/BigRed200/.conda/envs/HSD/lib/python3.13/site-packages/sklearn/svm/_base.py:1243: ConvergenceWarning: Liblinear failed to converge, increase the number of iterations.
  warnings.warn(
/N/u/mealieff/BigRed200/.conda/envs/HSD/lib/python3.13/site-packages/sklearn/svm/_base.py:1243: ConvergenceWarning: Liblinear failed to converge, increase the number of iterations.
  warnings.warn(
/N/u/mealieff/BigRed200/.conda/envs/HSD/lib/python3.13/site-packages/sklearn/svm/_base.py:1243: ConvergenceWarning: Liblinear failed to converge, increase the number of iterations.
  warnings.warn(
/N/u/mealieff/BigRed200/.conda/envs/HSD/lib/python3.13/site-packages/sklearn/svm/_base.py:1243: ConvergenceWarning: Liblinear failed to converge, increase the number of iterations.
  warnings.warn(
/N/u/mealieff/BigRed200/.conda/envs/HSD/lib/python3.13/site-packages/sklearn/svm/_base.py:1243: ConvergenceWarning: Liblinear failed to converge, increase the number of iterations.
  warnings.warn(
/N/u/mealieff/BigRed200/.conda/envs/HSD/lib/python3.13/site-packages/sklearn/svm/_base.py:1243: ConvergenceWarning: Liblinear failed to converge, increase the number of iterations.
  warnings.warn(
/N/u/mealieff/BigRed200/.conda/envs/HSD/lib/python3.13/site-packages/sklearn/svm/_base.py:1243: ConvergenceWarning: Liblinear failed to converge, increase the number of iterations.
  warnings.warn(
/N/u/mealieff/BigRed200/.conda/envs/HSD/lib/python3.13/site-packages/sklearn/svm/_base.py:1243: ConvergenceWarning: Liblinear failed to converge, increase the number of iterations.
  warnings.warn(
/N/u/mealieff/BigRed200/.conda/envs/HSD/lib/python3.13/site-packages/sklearn/svm/_base.py:1243: ConvergenceWarning: Liblinear failed to converge, increase the number of iterations.
  warnings.warn(
/N/u/mealieff/BigRed200/.conda/envs/HSD/lib/python3.13/site-packages/sklearn/svm/_base.py:1243: ConvergenceWarning: Liblinear failed to converge, increase the number of iterations.
  warnings.warn(
/N/u/mealieff/BigRed200/.conda/envs/HSD/lib/python3.13/site-packages/sklearn/svm/_base.py:1243: ConvergenceWarning: Liblinear failed to converge, increase the number of iterations.
  warnings.warn(
/N/u/mealieff/BigRed200/.conda/envs/HSD/lib/python3.13/site-packages/sklearn/svm/_base.py:1243: ConvergenceWarning: Liblinear failed to converge, increase the number of iterations.
  warnings.warn(
/N/u/mealieff/BigRed200/.conda/envs/HSD/lib/python3.13/site-packages/sklearn/svm/_base.py:1243: ConvergenceWarning: Liblinear failed to converge, increase the number of iterations.
  warnings.warn(
/N/u/mealieff/BigRed200/.conda/envs/HSD/lib/python3.13/site-packages/sklearn/svm/_base.py:1243: ConvergenceWarning: Liblinear failed to converge, increase the number of iterations.
  warnings.warn(
/N/u/mealieff/BigRed200/.conda/envs/HSD/lib/python3.13/site-packages/sklearn/svm/_base.py:1243: ConvergenceWarning: Liblinear failed to converge, increase the number of iterations.
  warnings.warn(
/N/u/mealieff/BigRed200/.conda/envs/HSD/lib/python3.13/site-packages/sklearn/svm/_base.py:1243: ConvergenceWarning: Liblinear failed to converge, increase the number of iterations.
  warnings.warn(
/N/u/mealieff/BigRed200/.conda/envs/HSD/lib/python3.13/site-packages/sklearn/svm/_base.py:1243: ConvergenceWarning: Liblinear failed to converge, increase the number of iterations.
  warnings.warn(
/N/u/mealieff/BigRed200/.conda/envs/HSD/lib/python3.13/site-packages/sklearn/svm/_base.py:1243: ConvergenceWarning: Liblinear failed to converge, increase the number of iterations.
  warnings.warn(
Traceback (most recent call last):
  File "/geode2/home/u060/mealieff/BigRed200/hsd-gab/main.py", line 255, in <module>
    main(args)
    ~~~~^^^^^^
  File "/geode2/home/u060/mealieff/BigRed200/hsd-gab/main.py", line 187, in main
    report = classification_report(test_labels[:, :args.labels], preds_test, output_dict=True, zero_division=0)
  File "/N/u/mealieff/BigRed200/.conda/envs/HSD/lib/python3.13/site-packages/sklearn/utils/_param_validation.py", line 216, in wrapper
    return func(*args, **kwargs)
  File "/N/u/mealieff/BigRed200/.conda/envs/HSD/lib/python3.13/site-packages/sklearn/metrics/_classification.py", line 2674, in classification_report
    labels = unique_labels(y_true, y_pred)
  File "/N/u/mealieff/BigRed200/.conda/envs/HSD/lib/python3.13/site-packages/sklearn/utils/multiclass.py", line 98, in unique_labels
    raise ValueError(
        "Multi-label binary indicator input with different numbers of labels"
    )
ValueError: Multi-label binary indicator input with different numbers of labels
